<?xml version='1.0' encoding='UTF-8'?>
<testsuite hostname="DESKTOP-66N42T0" name="TestTable" tests="8" errors="0" failures="0" skipped="0" time="0.028" timestamp="2024-04-20T21:37:00">
          <properties>
      <property name="java.specification.version" value="21"/><property name="sun.cpu.isalist" value="amd64"/><property name="sun.jnu.encoding" value="Cp1252"/><property name="sun.arch.data.model" value="64"/><property name="sbt.supershell" value="false"/><property name="java.vendor.url" value="https://java.oracle.com/"/><property name="user.country.format" value="150"/><property name="sun.boot.library.path" value="C:\Users\anchi\.jdks\openjdk-21.0.2\bin"/><property name="sun.java.command" value="C:\Users\anchi\AppData\Roaming\JetBrains\IntelliJIdea2023.2\plugins\Scala\launcher\sbt-launch.jar early(addPluginSbtFile=&quot;&quot;&quot;C:\Users\anchi\AppData\Local\Temp\idea.sbt&quot;&quot;&quot;) ; set ideaPort in Global := 49848 ; idea-shell"/><property name="jdk.debug" value="release"/><property name="sun.stderr.encoding" value="windows-1252"/><property name="java.specification.vendor" value="Oracle Corporation"/><property name="java.version.date" value="2024-01-16"/><property name="java.home" value="C:\Users\anchi\.jdks\openjdk-21.0.2"/><property name="file.separator" value="\"/><property name="java.vm.compressedOopsMode" value="32-bit"/><property name="sun.stdout.encoding" value="windows-1252"/><property name="line.separator" value="
"/><property name="java.vm.specification.vendor" value="Oracle Corporation"/><property name="java.specification.name" value="Java Platform API Specification"/><property name="idea.installation.dir" value="C:\Program Files\JetBrains\IntelliJ IDEA 2023.2.2"/><property name="user.script" value=""/><property name="sun.management.compiler" value="HotSpot 64-Bit Tiered Compilers"/><property name="java.runtime.version" value="21.0.2+13-58"/><property name="user.name" value="anchi"/><property name="log4j.ignoreTCL" value="true"/><property name="file.encoding" value="UTF-8"/><property name="jnidispatch.path" value="C:\Users\anchi\AppData\Local\Temp\jna-92957015\jna6295811665917080177.dll"/><property name="jna.loaded" value="true"/><property name="java.io.tmpdir" value="C:\Users\anchi\AppData\Local\Temp\"/><property name="java.version" value="21.0.2"/><property name="java.vm.specification.name" value="Java Virtual Machine Specification"/><property name="sun.os.patch.level" value=""/><property name="native.encoding" value="Cp1252"/><property name="java.library.path" value="C:\Users\anchi\.jdks\openjdk-21.0.2\bin;C:\Windows\Sun\Java\bin;C:\Windows\system32;C:\Windows;C:\Program Files\Common Files\Oracle\Java\javapath;C:\Program Files (x86)\Common Files\Oracle\Java\javapath;C:\Program Files\java\jdk-21\bin;C:\Program Files (x86)\VMware\VMware Player\bin\;C:\ProgramData\Oracle\Java\javapath;C:\Windows\system32;C:\Windows;C:\Windows\System32\Wbem;C:\Windows\System32\WindowsPowerShell\v1.0\;C:\Windows\System32\OpenSSH\;C:\Program Files\Git\cmd;C:\Program Files\dotnet\;C:\Program Files\gnuplot\bin;C:\ProgramData\chocolatey\bin;C:\Program Files\java\jdk-21\bin\javac.exe;C:\Users\anchi\AppData\Local\Programs\Opera GX;C:\Users\anchi\AppData\Local\Programs\Python\Launcher\;C:\Users\anchi\AppData\Local\Microsoft\WindowsApps;C:\Program Files\JetBrains\IntelliJ IDEA 2023.2.2\bin;C:\Users\anchi\AppData\Local\Coursier\data\bin;C:\Program Files\java\jdk-21\bin;C:\Users\anchi\AppData\Local\GitHubDesktop\bin;."/><property name="stderr.encoding" value="windows-1252"/><property name="java.vendor" value="Oracle Corporation"/><property name="sun.io.unicode.encoding" value="UnicodeLittle"/><property name="java.class.path" value="C:\Users\anchi\AppData\Roaming\JetBrains\IntelliJIdea2023.2\plugins\Scala\launcher\sbt-launch.jar"/><property name="java.vm.vendor" value="Oracle Corporation"/><property name="user.variant" value=""/><property name="jline.shutdownhook" value="false"/><property name="user.timezone" value="Europe/Bucharest"/><property name="java.vm.specification.version" value="21"/><property name="os.name" value="Windows 11"/><property name="sun.java.launcher" value="SUN_STANDARD"/><property name="user.country" value="US"/><property name="sun.cpu.endian" value="little"/><property name="user.home" value="C:\Users\anchi"/><property name="user.language" value="en"/><property name="sbt.ipcsocket.tmpdir" value="C:\Users\anchi\AppData\Local\Temp\.sbtdbd16820\ipcsocket"/><property name="swoval.tmpdir" value="C:\Users\anchi\AppData\Local\Temp\.sbtdbd16820\swoval"/><property name="jline.esc.timeout" value="0"/><property name="stdout.encoding" value="windows-1252"/><property name="path.separator" value=";"/><property name="os.version" value="10.0"/><property name="jna.nosys" value="true"/><property name="java.runtime.name" value="OpenJDK Runtime Environment"/><property name="sbt.log.noformat" value="true"/><property name="java.vm.name" value="OpenJDK 64-Bit Server VM"/><property name="java.vendor.url.bug" value="https://bugreport.java.com/bugreport/"/><property name="user.dir" value="C:\Users\anchi\Documents\PP\Tema_2"/><property name="os.arch" value="amd64"/><property name="idea.managed" value="true"/><property name="java.vm.info" value="mixed mode, sharing"/><property name="java.vm.version" value="21.0.2+13-58"/><property name="java.class.version" value="65.0"/>
    </properties>
          <testcase classname="TestTable" name="apply 1" time="0.015">
                      
                    </testcase><testcase classname="TestTable" name="toString 1" time="0.005">
                      
                    </testcase><testcase classname="TestTable" name="filter 1" time="0.003">
                      
                    </testcase><testcase classname="TestTable" name="delete 1" time="0.001">
                      
                    </testcase><testcase classname="TestTable" name="insert 1" time="0.001">
                      
                    </testcase><testcase classname="TestTable" name="sort 1" time="0.001">
                      
                    </testcase><testcase classname="TestTable" name="select 1" time="0.001">
                      
                    </testcase><testcase classname="TestTable" name="update 1" time="0.001">
                      
                    </testcase>
          <system-out><![CDATA[]]></system-out>
          <system-err><![CDATA[]]></system-err>
        </testsuite>